Starting MiniOS in QEMU (Ctrl+A then X to exit)...

Hello, Piyush!!======================================
  MiniOS v0.2 - ARM64 Unikernel
  ML Inference with Multithreading
======================================

[BOOT] UART initialized: OK
[BOOT] Running at EL1
[BOOT] Installing exception vectors...
[BOOT] Exception vectors installed
[BOOT] Initializing MMU...
[MMU ] Building page tables...
[MMU ] Page table at: 0x401DA000
[MMU ] MMU and caches enabled
[BOOT] MMU status: OK
[BOOT] Initializing memory manager...
[KMEM] Heap initialized: 0x40AAF000 - 0x5FFB0000 (513028 KB)
[BOOT] KMEM status: OK
[BOOT] Heap free: 513028 KB
[BOOT] Initializing GIC...
[GIC ] Initializing GICv2...
[GIC ] Max IRQs: 288
[GIC ] GICv2 initialized
[BOOT] GIC status: OK
[BOOT] Initializing network stack...
[VNIC] Initializing VirtIO-Net driver...
[VNIC] Scanning MMIO window for virtio-net...
[VNIC] Found virtio-net at 0x0a003e00, slot 31, IRQ 79
[VNIC] Feature negotiation OK (dev_features=0x39bf8064 drv_features=0x00000020)
[VNIC]   Queue 0: desc=0x40aaf000 avail=0x40aaf100 used=0x40aaf130
[VNIC]   Queue 1: desc=0x40aaf1c0 avail=0x40aaf2c0 used=0x40aaf2f0
[VNIC] Device status set to DRIVER_OK
[VNIC] MAC: 52:54:00:12:34:56
[VNIC] IRQ 79 enabled
[VNIC] VirtIO-Net initialized successfully
[ETH ] init ok, MAC 52:54:00:12:34:56
[IPV4] init ok
[UDP ] init ok
[UDP ] bound port 9000
[SFU ] init ok, listening on port 9000
[SFU ] running self-test...
[SFU ] checksum mismatch: got 0x89c3 expected 0xc260
[SFU ] selftest PASSED
[INFER] server ready
[BOOT] Network stack ready
[BOOT] Initializing timer...
[TMR ] Timer initialized: freq=62 MHz, tick=10 ms
[BOOT] Timer status: OK  (10ms tick)
[BOOT] Initializing scheduler...
[SCHED] Scheduler initialized
[BOOT] Scheduler status: OK
[BOOT] Creating threads...
[THRD] Created 'inference' (id=1, prio=1, stack=8192)
[BOOT]   inference: OK
[THRD] Created 'onnx' (id=2, prio=1, stack=8192)
[BOOT]   onnx     : OK
[THRD] Created 'monitor' (id=3, prio=2, stack=8192)
[BOOT]   monitor  : OK
[THRD] Created 'test' (id=4, prio=1, stack=8192)
[BOOT]   test     : OK
[DAEM ] Registering background daemons...
[THRD] Created 'clock' (id=5, prio=2, stack=8192)
[THRD] Created 'memwatch' (id=6, prio=2, stack=8192)
[THRD] Created 'rtmon' (id=7, prio=2, stack=8192)
[DAEM ] All daemons registered (clock, memwatch, rtmon)
[DAEM ] Built-in commands registered
[THRD] Created 'shell' (id=8, prio=2, stack=8192)
[SHELL] Shell daemon registered
[DAEM ] All subsystems ready
[BOOT] Daemons  : OK
[BOOT] Initializing ULFS file system...
[ULFS] NVRAM Store Recovered!
[ULFS] Initialized Dual-Store FS
[BOOT] ULFS status: OK
[BOOT] FS cmds  : OK
[BOOT] ONNX cmds: OK
[BOOT] Initializing NVRAM storage...
[STOR ] Checking NVRAM...
[STOR ] NVRAM verified
[BOOT] NVRAM status: OK
[INITFS] Populating /storage (9 files)...
[INITFS] Done: 0 written, 9 skipped
[BOOT] InitFS  : OK
[BOOT] Enabling interrupts...

[BOOT] ==============================
[BOOT]  Starting scheduler
[BOOT]  Threads: 9
[BOOT] ==============================

[SCHED] Starting scheduler
[INFER] Inference thread started
[INFER] Iteration 1/5  (50 ms)
[ONNX ] ONNX demo thread started

========================================
   ONNX Model Loader Demo
========================================


--- Running HandCraftedTest ---
[KMEM] Arena created: 64 KB at 0x40F19D80
[ONNX] Loading protobuf format...
  Data size: 66 bytes
  IR version: 7
  Graph size: 62 bytes
[ONNX] Parsing graph...
[PARSE] Tensor dim: 0x1
[PARSE] Tensor dim: 0x3
[PARSE] Tensor dt: 0x1
[PARSE] Tensor name: B
[PARSE] Found raw_data len: 0xC
[ONNX] Graph parsed: 1 nodes, 3 tensors
[ONNX] Reader pos: 66 / expected end: 66
[ONNX] Building dependencies...
[ONNX] Generating execution schedule...
[ONNX] ✓ Model loaded successfully!
[ONNX] Graph validation: OK
[ONNX] Starting inference...
  Executing: add (Add)
--- ONNX TEST SUITE ---
[KMEM] Arena created: 8 KB at 0x40F2ADC0
[PASS] ut_add_001
[KMEM] Arena created: 8 KB at 0x40F2CE00
[PASS] ut_sub_001
[KMEM] Arena created: 8 KB at 0x40F2EE40
[PASS] ut_mul_001
[KMEM] Arena created: 8 KB at 0x40F30E80
[PASS] ut_div_001
[KMEM] Arena created: 8 KB at 0x40F32EC0
[PASS] ut_matmul_001
[KMEM] Arena created: 8 KB at 0x40F34F00
[PASS] ut_relu_001
[KMEM] Arena created: 8 KB at 0x40F36F40
[PASS] ut_sigmoid_001
[KMEM] Arena created: 8 KB at 0x40F38F80
[PASS] ut_tanh_001
[KMEM] Arena created: 8 KB at 0x40F3AFC0
[PASS] ut_softmax_001
[KMEM] Arena created: 8 KB at 0x40F3D000
[PASS] ut_leakyrelu_001
[KMEM] Arena created: 8 KB at 0x40F3F040
[PASS] ut_abs_001
[KMEM] Arena created: 8 KB at 0x40F41080
[PASS] ut_neg_001
[KMEM] Arena created: 8 KB at 0x40F430C0
[PASS] ut_clip_001
[KMEM] Arena created: 8 KB at 0x40F45100
[PASS] ut_identity_001
[KMEM] Arena created: 8 KB at 0x40F47140
[PASS] ut_exp_001
[KMEM] Arena created: 8 KB at 0x40F49180
[PASS] ut_log_001
[KMEM] Arena created: 8 KB at 0x40F4B1C0
[PASS] ut_sqrt_001
[KMEM] Arena created: 8 KB at 0x40F4D200
[PASS] ut_ceil_001
[KMEM] Arena created: 8 KB at 0x40F4F240
[PASS] ut_floor_001
[KMEM] Arena created: 8 KB at 0x40F51280
[PASS] ut_sin_001
[KMEM] Arena created: 8 KB at 0x40F532C0
[PASS] ut_cos_001
[KMEM] Arena created: 8 KB at 0x40F55300
[PASS] ut_reshape_001
[KMEM] Arena created: 8 KB at 0x40F57340
[PASS] ut_flatten_001
[KMEM] Arena created: 8 KB at 0x40F59380
[PASS] ut_transpose_001
[KMEM] Arena created: 8 KB at 0x40F5B3C0
[PASS] ut_batchnorm_001
[KMEM] Arena created: 8 KB at 0x40F5D400
[PASS] ut_gemm_001
[KMEM] Arena created: 8 KB at 0x40F5F440
[PASS] ut_concat_001
[KMEM] Arena created: 8 KB at 0x40F61480
[PASS] ut_gavgpool_001
[KMEM] Arena created: 8 KB at 0x40F634C0
[PASS] ut_squeeze_001
[KMEM] Arena created: 8 KB at 0x40F65500
[PASS] ut_unsqueeze_001
[KMEM] Arena created: 8 KB at 0x40F67540
[PASS] ut_cast_001
[KMEM] Arena created: 8 KB at 0x40F69580
[PASS] ut_reducesum_001
[KMEM] Arena created: 8 KB at 0x40F6B5C0
[PASS] ut_reducemean_001
[KMEM] Arena created: 8 KB at 0x40F6D600
[PASS] ut_reducemax_001
[KMEM] Arena created: 8 KB at 0x40F6F640
[PASS] ut_reducemin_001
[KMEM] Arena created: 8 KB at 0x40F71680
[PASS] ut_conv_001
[KMEM] Arena created: 8 KB at 0x40F736C0
[PASS] ut_maxpool_001
[KMEM] Arena created: 8 KB at 0x40F75700
[PASS] ut_avgpool_001
[KMEM] Arena created: 8 KB at 0x40F77740
[ONNX] Loading protobuf format...
  Data size: 82 bytes
  IR version: 12
  Graph size: 61 bytes
[ONNX] Parsing graph...
[ONNX] Graph parsed: 1 nodes, 2 tensors
[ONNX] Reader pos: 78 / expected end: 78
[ONNX] Building dependencies...
[ONNX] Generating execution schedule...
[ONNX] ✓ Model loaded successfully!
[ONNX] Starting inference...
  Executing:  (Relu)
[INFER] Iteration 2/5  (50 ms)
[ONNX] Inference complete!
Result: [3.000, 5.000, 7.000]
[ONNX] Inference complete!
[PASS] it_infer_001
[KMEM] Arena created: 8 KB at 0x40F79780
[ONNX] Loading protobuf format...
  Data size: 100 bytes
  IR version: 12
  Graph size: 79 bytes
[ONNX] Parsing graph...
[ONNX] Graph parsed: 1 nodes, 3 tensors
[ONNX] Reader pos: 96 / expected end: 96
[ONNX] Building dependencies...
[ONNX] Generating execution schedule...
[ONNX] ✓ Model loaded successfully!
[ONNX] Starting inference...
  Executing:  (Add)
[INFER] Iteration 3/5  (50 ms)

--- Running SimpleAddPython ---
[KMEM] Arena created: 64 KB at 0x40FD6180
[ONNX] Loading protobuf format...
  Data size: 120 bytes
  IR version: 12
  Graph size: 104 bytes
[ONNX] Parsing graph...
[PARSE] Tensor dim: 0x1
[PARSE] Tensor dim: 0x3
[PARSE] Tensor dt: 0x1
[PARSE] Found float_data len: 0xC
[PARSE] Tensor name: B
[ONNX] Graph parsed: 1 nodes, 3 tensors
[ONNX] Reader pos: 116 / expected end: 116
[ONNX] Building dependencies...
[ONNX] Generating execution schedule...
[ONNX] ✓ Model loaded successfully!
[ONNX] Graph validation: OK
[ONNX] Starting inference...
  Executing: add_node (Add)
[ONNX] Inference complete!
[PASS] it_infer_002
[KMEM] Arena created: 8 KB at 0x40FE71C0
[ONNX] Loading protobuf format...
  Data size: 141 bytes
  IR version: 12
  Graph size: 120 bytes
[ONNX] Parsing graph...
[PARSE] Tensor dim: 0x1
[PARSE] Tensor dt: 0x1
[PARSE] Found float_data len: 0x4
[PARSE] Tensor name: Two
[ONNX] Graph parsed: 2 nodes, 5 tensors
[ONNX] Reader pos: 137 / expected end: 137
[ONNX] Building dependencies...
[ONNX] Generating execution schedule...
[ONNX] ✓ Model loaded successfully!
[ONNX] Starting inference...
  Executing:  (Add)
[INFER] Iteration 4/5  (50 ms)
[ONNX] Inference complete!
Result: [3.000, 5.000, 7.000]
  Executing:  (Mul)
[INFER] Iteration 5/5  (50 ms)

--- Running ComplexPython ---
[KMEM] Arena created: 64 KB at 0x41043BC0
[ONNX] Loading protobuf format...
  Data size: 244 bytes
  IR version: 12
  Graph size: 227 bytes
[ONNX] Parsing graph...
[PARSE] Tensor dim: 0x4
[PARSE] Tensor dim: 0x3
[PARSE] Tensor dt: 0x1
[PARSE] Found float_data len: 0x30
[PARSE] Tensor name: W
[PARSE] Tensor dim: 0x1
[PARSE] Tensor dim: 0x3
[PARSE] Tensor dt: 0x1
[PARSE] Found float_data len: 0xC
[PARSE] Tensor name: B
[ONNX] Graph parsed: 3 nodes, 6 tensors
[ONNX] Reader pos: 240 / expected end: 240
[ONNX] Building dependencies...
[ONNX] Generating execution schedule...
[ONNX] ✓ Model loaded successfully!
[ONNX] Graph validation: OK
[ONNX] Starting inference...
  Executing: matmul_node (MatMul)
[ONNX] Inference complete!
[PASS] it_infer_003
[ONNX] Starting inference...
  Executing:  (Add)
[INFER] Inference complete
[THRD] Thread 'inference' exiting
  Executing: add_node (Add)
  Executing:  (Mul)
  Executing: relu_node (Relu)
[ONNX] Inference complete!
[PASS] it_infer_004
[PASS] it_timer_001
[KMEM] Arena created: 8 KB at 0x41054C00
[ONNX] Loading protobuf format...
  Data size: 100 bytes
  IR version: 12
  Graph size: 79 bytes
[ONNX] Parsing graph...
[ONNX] Graph parsed: 1 nodes, 3 tensors
[ONNX] Reader pos: 96 / expected end: 96
[ONNX] Building dependencies...
[ONNX] Generating execution schedule...
[ONNX] ✓ Model loaded successfully!
[PASS] ct_parse_001
[KMEM] Arena created: 8 KB at 0x41056C40
[ONNX] Loading protobuf format...
  Data size: 100 bytes
  IR version: 12
  Graph size: 79 bytes
[ONNX] Parsing graph...
[ONNX] Graph parsed: 1 nodes, 3 tensors
[ONNX] Reader pos: 96 / expected end: 96
[ONNX] Building dependencies...
[ONNX] Generating execution schedule...
[ONNX] ✓ Model loaded successfully!
[PASS] ct_parse_002
[KMEM] Arena created: 8 KB at 0x41058C80
[ONNX] Loading protobuf format...
  Data size: 133 bytes
  IR version: 12
  Graph size: 112 bytes
[ONNX] Parsing graph...
[PARSE] Tensor dim: 0x3
[PARSE] Tensor dim: 0x2
[PARSE] Tensor dt: 0x1
[PARSE] Found float_data len: 0x18
[PARSE] Tensor name: Y
[ONNX] Graph parsed: 1 nodes, 3 tensors
[ONNX] Reader pos: 129 / expected end: 129
[ONNX] Building dependencies...
[ONNX] Generating execution schedule...
[ONNX] ✓ Model loaded successfully!
[PASS] ct_graph_001
[SUMMARY] 46/46 passed
[THRD] Thread 'test' exiting
[ONNX] Inference complete!
Result: [1.300, 1.500, 0.800]

========================================

[ONNX ] ONNX demo thread complete
[THRD] Thread 'onnx' exiting
[MON  ] Monitor thread started
[MON  ] tick=0  heap 5807KB / 513028KB  threads=9  uptime=300ms
[CLOCK] Wall-clock daemon started (1 s period)
[MEMW ] Memory watchdog started (500 ms period)
[RTMON] Runtime monitor started (2 s period)

  ========================================
   MiniOS v0.2  |  type 'help' for cmds  
  ========================================

miniOS> qemu-system-aarch64: terminating on signal 15 from pid 20242 ()
