
Hello, Piyush!!======================================
  MiniOS v0.2 - ARM64 Unikernel
  ML Inference with Multithreading
======================================

[BOOT] UART initialized: OK
[BOOT] Running at EL1
[BOOT] Installing exception vectors...
[BOOT] Exception vectors installed
[BOOT] Initializing MMU...
[MMU ] Building page tables...
[MMU ] Page table at: 0x4000A000
[MMU ] MMU and caches enabled
[BOOT] MMU status: OK
[BOOT] Initializing memory manager...
[KMEM] Heap initialized: 0x4000C000 - 0x5FFB0000 (523920 KB)
[BOOT] KMEM status: OK
[BOOT] Heap free: 523920 KB
[BOOT] Initializing GIC...
[GIC ] Initializing GICv2...
[GIC ] Max IRQs: 288
[GIC ] GICv2 initialized
[BOOT] GIC status: OK
[BOOT] Initializing timer...
[TMR ] Timer initialized: freq=62 MHz, tick=10 ms
[BOOT] Timer status: OK  (10ms tick)
[BOOT] Initializing scheduler...
[SCHED] Scheduler initialized
[BOOT] Scheduler status: OK
[BOOT] Creating threads...
[THRD] Created 'inference' (id=1, prio=1, stack=8192)
[BOOT]   inference: OK
[THRD] Created 'onnx' (id=2, prio=1, stack=8192)
[BOOT]   onnx     : OK
[THRD] Created 'monitor' (id=3, prio=2, stack=8192)
[BOOT]   monitor  : OK
[BOOT] Enabling interrupts...

[BOOT] ==============================
[BOOT]  Starting scheduler
[BOOT]  Threads: 4
[BOOT] ==============================

[SCHED] Starting scheduler
[INFER] Inference thread started
[INFER] Iteration 1/5  (50 ms)
[ONNX ] ONNX demo thread started

========================================
   ONNX Model Loader Demo
========================================


--- Running HandCraftedTest ---
[KMEM] Arena created: 64 KB at 0x4006CA00
[ONNX] Loading protobuf format...
  Data size: 56 bytes
  IR version: 7
  Graph size: 52 bytes
[ONNX] Parsing graph...
[ONNX] Graph parsed: 1 nodes, 3 tensors
[ONNX] Reader pos: 56 / expected end: 56
[ONNX] Building dependencies...
[ONNX] Generating execution schedule...
[ONNX] ✓ Model loaded successfully!
[ONNX] Error: Graph has no inputs
[ONNX] Error: Expected 0 inputs, got 1
Inference failed
[INFER] Iteration 2/5  (50 ms)

--- Running SimpleAddPython ---
[KMEM] Arena created: 64 KB at 0x400D8400
[ONNX] Loading protobuf format...
  Data size: 120 bytes
  IR version: 12
  Graph size: 104 bytes
[ONNX] Parsing graph...
[ONNX] Graph parsed: 1 nodes, 3 tensors
[ONNX] Reader pos: 116 / expected end: 116
[ONNX] Building dependencies...
[ONNX] Generating execution schedule...
[ONNX] ✓ Model loaded successfully!
[ONNX] Graph validation: OK
[ONNX] Starting inference...
  Executing: add_node (Add)
[ONNX] Inference complete!
Result: [2.000, 3.000, 4.000]
[INFER] Iteration 3/5  (50 ms)

--- Running ComplexPython ---
[KMEM] Arena created: 64 KB at 0x40143E00
[ONNX] Loading protobuf format...
  Data size: 244 bytes
  IR version: 12
  Graph size: 227 bytes
[ONNX] Parsing graph...
[ONNX] Graph parsed: 3 nodes, 6 tensors
[ONNX] Reader pos: 240 / expected end: 240
[ONNX] Building dependencies...
[ONNX] Generating execution schedule...
[ONNX] ✓ Model loaded successfully!
MatMul: a=(2) [1,4], b=(2) [4,3]
[ONNX] Graph validation: OK
[ONNX] Starting inference...
  Executing: matmul_node (MatMul)
  Executing: add_node (Add)
  Executing: relu_node (Relu)
[ONNX] Inference complete!
Result: [0.000, 0.000, 0.000]
[INFER] Iteration 4/5  (50 ms)

========================================

[INFER] Iteration 5/5  (50 ms)

*********************************************
*  ONNX Runtime Demos                       *
*********************************************
qemu-system-aarch64: terminating on signal 15 from pid 6044 (timeout)
